2022/09/01 22:14:29 [error] [exception.CHttpException.404] CHttpException: Unable to resolve the request "gii". in C:\wamp64\www\yii\framework\web\CWebApplication.php:286
Stack trace:
#0 C:\wamp64\www\yii\framework\web\CWebApplication.php(141): CWebApplication->runController('gii')
#1 C:\wamp64\www\yii\framework\base\CApplication.php(185): CWebApplication->processRequest()
#2 C:\wamp64\www\testdrive\index.php(13): CApplication->run()
#3 {main}
REQUEST_URI=/testdrive/index.php?r=gii
---
2022/09/01 22:15:45 [error] [exception.CHttpException.404] CHttpException: Unable to resolve the request "gii". in C:\wamp64\www\yii\framework\web\CWebApplication.php:286
Stack trace:
#0 C:\wamp64\www\yii\framework\web\CWebApplication.php(141): CWebApplication->runController('gii')
#1 C:\wamp64\www\yii\framework\base\CApplication.php(185): CWebApplication->processRequest()
#2 C:\wamp64\www\testdrive\index.php(13): CApplication->run()
#3 {main}
REQUEST_URI=/testdrive/index.php?r=gii
---
2022/09/01 22:25:44 [error] [system.db.CDbCommand] CDbCommand::fetchAll() failed: SQLSTATE[42S02]: Base table or view not found: 1146 Table 'yii_demo.tbl_product' doesn't exist. The SQL statement executed was: SHOW FULL COLUMNS FROM `tbl_product`.
in C:\wamp64\www\testdrive\index.php (13)
2022/09/01 22:25:45 [error] [system.db.CDbCommand] CDbCommand::fetchAll() failed: SQLSTATE[42S02]: Base table or view not found: 1146 Table 'yii_demo.tbl_product' doesn't exist. The SQL statement executed was: SHOW FULL COLUMNS FROM `tbl_product`.
in C:\wamp64\www\testdrive\index.php (13)
2022/09/01 22:30:43 [error] [exception.CHttpException.403] CHttpException: You are not authorized to perform this action. in C:\wamp64\www\yii\framework\web\auth\CAccessControlFilter.php:183
Stack trace:
#0 C:\wamp64\www\yii\framework\web\auth\CAccessControlFilter.php(145): CAccessControlFilter->accessDenied(Object(CWebUser), 'You are not aut...')
#1 C:\wamp64\www\yii\framework\web\filters\CFilter.php(38): CAccessControlFilter->preFilter(Object(CFilterChain))
#2 C:\wamp64\www\yii\framework\web\CController.php(1148): CFilter->filter(Object(CFilterChain))
#3 C:\wamp64\www\yii\framework\web\filters\CInlineFilter.php(58): CController->filterAccessControl(Object(CFilterChain))
#4 C:\wamp64\www\yii\framework\web\filters\CFilterChain.php(131): CInlineFilter->filter(Object(CFilterChain))
#5 C:\wamp64\www\yii\framework\web\CController.php(291): CFilterChain->run()
#6 C:\wamp64\www\yii\framework\web\CController.php(265): CController->runActionWithFilters(Object(CInlineAction), Array)
#7 C:\wamp64\www\yii\framework\web\CWebApplication.php(282): CController->run('admin')
#8 C:\wamp64\www\yii\framework\web\CWebApplication.php(141): CWebApplication->runController('product/admin')
#9 C:\wamp64\www\yii\framework\base\CApplication.php(185): CWebApplication->processRequest()
#10 C:\wamp64\www\testdrive\index.php(13): CApplication->run()
#11 {main}
REQUEST_URI=/testdrive/index.php?r=product/admin
HTTP_REFERER=http://127.0.0.1/testdrive/index.php?r=site/login
---
2022/09/01 22:39:22 [error] [exception.CHttpException.404] CHttpException: The system is unable to find the requested action "admin?page=1". in C:\wamp64\www\yii\framework\web\CController.php:486
Stack trace:
#0 C:\wamp64\www\yii\framework\web\CController.php(270): CController->missingAction('admin?page=1')
#1 C:\wamp64\www\yii\framework\web\CWebApplication.php(282): CController->run('admin?page=1')
#2 C:\wamp64\www\yii\framework\web\CWebApplication.php(141): CWebApplication->runController('product/admin?p...')
#3 C:\wamp64\www\yii\framework\base\CApplication.php(185): CWebApplication->processRequest()
#4 C:\wamp64\www\testdrive\index.php(13): CApplication->run()
#5 {main}
REQUEST_URI=/testdrive/index.php?r=product/admin?page=1&per-page=3
HTTP_REFERER=http://localhost:8080/
---
2022/09/01 22:43:35 [error] [exception.CHttpException.404] CHttpException: The system is unable to find the requested action "admin?page=1". in C:\wamp64\www\yii\framework\web\CController.php:486
Stack trace:
#0 C:\wamp64\www\yii\framework\web\CController.php(270): CController->missingAction('admin?page=1')
#1 C:\wamp64\www\yii\framework\web\CWebApplication.php(282): CController->run('admin?page=1')
#2 C:\wamp64\www\yii\framework\web\CWebApplication.php(141): CWebApplication->runController('product/admin?p...')
#3 C:\wamp64\www\yii\framework\base\CApplication.php(185): CWebApplication->processRequest()
#4 C:\wamp64\www\testdrive\index.php(13): CApplication->run()
#5 {main}
REQUEST_URI=/testdrive/index.php?r=product/admin?page=1&per-page=3
HTTP_REFERER=http://localhost:8080/
---
2022/09/01 22:45:03 [error] [exception.CHttpException.404] CHttpException: The system is unable to find the requested action "admin?page=1". in C:\wamp64\www\yii\framework\web\CController.php:486
Stack trace:
#0 C:\wamp64\www\yii\framework\web\CController.php(270): CController->missingAction('admin?page=1')
#1 C:\wamp64\www\yii\framework\web\CWebApplication.php(282): CController->run('admin?page=1')
#2 C:\wamp64\www\yii\framework\web\CWebApplication.php(141): CWebApplication->runController('product/admin?p...')
#3 C:\wamp64\www\yii\framework\base\CApplication.php(185): CWebApplication->processRequest()
#4 C:\wamp64\www\testdrive\index.php(13): CApplication->run()
#5 {main}
REQUEST_URI=/testdrive/index.php?r=product/admin?page=1&per-page=3
HTTP_REFERER=http://localhost:8080/
---
2022/09/01 22:45:53 [error] [exception.CHttpException.404] CHttpException: The system is unable to find the requested action "admin?page=${this.currentPage}". in C:\wamp64\www\yii\framework\web\CController.php:486
Stack trace:
#0 C:\wamp64\www\yii\framework\web\CController.php(270): CController->missingAction('admin?page=${th...')
#1 C:\wamp64\www\yii\framework\web\CWebApplication.php(282): CController->run('admin?page=${th...')
#2 C:\wamp64\www\yii\framework\web\CWebApplication.php(141): CWebApplication->runController('product/admin?p...')
#3 C:\wamp64\www\yii\framework\base\CApplication.php(185): CWebApplication->processRequest()
#4 C:\wamp64\www\testdrive\index.php(13): CApplication->run()
#5 {main}
REQUEST_URI=/testdrive/index.php?r=product/admin?page=$%7Bthis.currentPage%7D&per-page=$%7Bthis.perPage%7D
---
2022/09/01 22:45:59 [error] [exception.CHttpException.404] CHttpException: The system is unable to find the requested action "admin?page=". in C:\wamp64\www\yii\framework\web\CController.php:486
Stack trace:
#0 C:\wamp64\www\yii\framework\web\CController.php(270): CController->missingAction('admin?page=')
#1 C:\wamp64\www\yii\framework\web\CWebApplication.php(282): CController->run('admin?page=')
#2 C:\wamp64\www\yii\framework\web\CWebApplication.php(141): CWebApplication->runController('product/admin?p...')
#3 C:\wamp64\www\yii\framework\base\CApplication.php(185): CWebApplication->processRequest()
#4 C:\wamp64\www\testdrive\index.php(13): CApplication->run()
#5 {main}
REQUEST_URI=/testdrive/index.php?r=product/admin?page=
---
2022/09/01 22:46:07 [error] [exception.CHttpException.404] CHttpException: The system is unable to find the requested action "admin?page=5". in C:\wamp64\www\yii\framework\web\CController.php:486
Stack trace:
#0 C:\wamp64\www\yii\framework\web\CController.php(270): CController->missingAction('admin?page=5')
#1 C:\wamp64\www\yii\framework\web\CWebApplication.php(282): CController->run('admin?page=5')
#2 C:\wamp64\www\yii\framework\web\CWebApplication.php(141): CWebApplication->runController('product/admin?p...')
#3 C:\wamp64\www\yii\framework\base\CApplication.php(185): CWebApplication->processRequest()
#4 C:\wamp64\www\testdrive\index.php(13): CApplication->run()
#5 {main}
REQUEST_URI=/testdrive/index.php?r=product/admin?page=5
---
2022/09/01 22:48:03 [error] [exception.CHttpException.404] CHttpException: The system is unable to find the requested action "admin?page=1". in C:\wamp64\www\yii\framework\web\CController.php:486
Stack trace:
#0 C:\wamp64\www\yii\framework\web\CController.php(270): CController->missingAction('admin?page=1')
#1 C:\wamp64\www\yii\framework\web\CWebApplication.php(282): CController->run('admin?page=1')
#2 C:\wamp64\www\yii\framework\web\CWebApplication.php(141): CWebApplication->runController('product/admin?p...')
#3 C:\wamp64\www\yii\framework\base\CApplication.php(185): CWebApplication->processRequest()
#4 C:\wamp64\www\testdrive\index.php(13): CApplication->run()
#5 {main}
REQUEST_URI=/testdrive/index.php?r=product/admin?page=1&per-page=3
HTTP_REFERER=http://localhost:8080/
---
2022/09/01 22:49:09 [error] [exception.CHttpException.404] CHttpException: The system is unable to find the requested action "admin?page=1". in C:\wamp64\www\yii\framework\web\CController.php:486
Stack trace:
#0 C:\wamp64\www\yii\framework\web\CController.php(270): CController->missingAction('admin?page=1')
#1 C:\wamp64\www\yii\framework\web\CWebApplication.php(282): CController->run('admin?page=1')
#2 C:\wamp64\www\yii\framework\web\CWebApplication.php(141): CWebApplication->runController('product/admin?p...')
#3 C:\wamp64\www\yii\framework\base\CApplication.php(185): CWebApplication->processRequest()
#4 C:\wamp64\www\testdrive\index.php(13): CApplication->run()
#5 {main}
REQUEST_URI=/testdrive/index.php?r=product/admin?page=1&per-page=3
HTTP_REFERER=http://localhost:8080/
---
2022/09/01 22:49:13 [error] [exception.CHttpException.404] CHttpException: The system is unable to find the requested action "admin?page=1". in C:\wamp64\www\yii\framework\web\CController.php:486
Stack trace:
#0 C:\wamp64\www\yii\framework\web\CController.php(270): CController->missingAction('admin?page=1')
#1 C:\wamp64\www\yii\framework\web\CWebApplication.php(282): CController->run('admin?page=1')
#2 C:\wamp64\www\yii\framework\web\CWebApplication.php(141): CWebApplication->runController('product/admin?p...')
#3 C:\wamp64\www\yii\framework\base\CApplication.php(185): CWebApplication->processRequest()
#4 C:\wamp64\www\testdrive\index.php(13): CApplication->run()
#5 {main}
REQUEST_URI=/testdrive/index.php?r=product/admin?page=1&per-page=3
HTTP_REFERER=http://localhost:8080/
---
2022/09/01 22:51:03 [error] [exception.CHttpException.404] CHttpException: The system is unable to find the requested action "admin?page=1". in C:\wamp64\www\yii\framework\web\CController.php:486
Stack trace:
#0 C:\wamp64\www\yii\framework\web\CController.php(270): CController->missingAction('admin?page=1')
#1 C:\wamp64\www\yii\framework\web\CWebApplication.php(282): CController->run('admin?page=1')
#2 C:\wamp64\www\yii\framework\web\CWebApplication.php(141): CWebApplication->runController('product/admin?p...')
#3 C:\wamp64\www\yii\framework\base\CApplication.php(185): CWebApplication->processRequest()
#4 C:\wamp64\www\testdrive\index.php(13): CApplication->run()
#5 {main}
REQUEST_URI=/testdrive/index.php?r=product/admin?page=1&per-page=3
HTTP_REFERER=http://localhost:8080/
---
2022/09/01 22:51:48 [error] [exception.CHttpException.404] CHttpException: The system is unable to find the requested action "admin?page=1". in C:\wamp64\www\yii\framework\web\CController.php:486
Stack trace:
#0 C:\wamp64\www\yii\framework\web\CController.php(270): CController->missingAction('admin?page=1')
#1 C:\wamp64\www\yii\framework\web\CWebApplication.php(282): CController->run('admin?page=1')
#2 C:\wamp64\www\yii\framework\web\CWebApplication.php(141): CWebApplication->runController('product/admin?p...')
#3 C:\wamp64\www\yii\framework\base\CApplication.php(185): CWebApplication->processRequest()
#4 C:\wamp64\www\testdrive\index.php(13): CApplication->run()
#5 {main}
REQUEST_URI=/testdrive/index.php?r=product/admin?page=1&per-page=3
HTTP_REFERER=http://localhost:8080/
---
2022/09/01 23:03:48 [error] [exception.CHttpException.404] CHttpException: The system is unable to find the requested action "admin". in C:\wamp64\www\yii\framework\web\CController.php:486
Stack trace:
#0 C:\wamp64\www\yii\framework\web\CController.php(270): CController->missingAction('admin')
#1 C:\wamp64\www\yii\framework\web\CWebApplication.php(282): CController->run('admin')
#2 C:\wamp64\www\yii\framework\web\CWebApplication.php(141): CWebApplication->runController('product/admin')
#3 C:\wamp64\www\yii\framework\base\CApplication.php(185): CWebApplication->processRequest()
#4 C:\wamp64\www\testdrive\index.php(13): CApplication->run()
#5 {main}
REQUEST_URI=/testdrive/index.php?r=product/admin
HTTP_REFERER=http://127.0.0.1/testdrive/index.php?r=product
---
2022/09/01 23:03:52 [error] [exception.CHttpException.403] CHttpException: You are not authorized to perform this action. in C:\wamp64\www\yii\framework\web\auth\CAccessControlFilter.php:183
Stack trace:
#0 C:\wamp64\www\yii\framework\web\auth\CAccessControlFilter.php(145): CAccessControlFilter->accessDenied(Object(CWebUser), 'You are not aut...')
#1 C:\wamp64\www\yii\framework\web\filters\CFilter.php(38): CAccessControlFilter->preFilter(Object(CFilterChain))
#2 C:\wamp64\www\yii\framework\web\CController.php(1148): CFilter->filter(Object(CFilterChain))
#3 C:\wamp64\www\yii\framework\web\filters\CInlineFilter.php(58): CController->filterAccessControl(Object(CFilterChain))
#4 C:\wamp64\www\yii\framework\web\filters\CFilterChain.php(131): CInlineFilter->filter(Object(CFilterChain))
#5 C:\wamp64\www\yii\framework\web\CController.php(291): CFilterChain->run()
#6 C:\wamp64\www\yii\framework\web\CController.php(265): CController->runActionWithFilters(Object(CInlineAction), Array)
#7 C:\wamp64\www\yii\framework\web\CWebApplication.php(282): CController->run('list')
#8 C:\wamp64\www\yii\framework\web\CWebApplication.php(141): CWebApplication->runController('product/list')
#9 C:\wamp64\www\yii\framework\base\CApplication.php(185): CWebApplication->processRequest()
#10 C:\wamp64\www\testdrive\index.php(13): CApplication->run()
#11 {main}
REQUEST_URI=/testdrive/index.php?r=product/list
---
2022/09/01 23:14:21 [error] [php] Array to string conversion (C:\wamp64\www\testdrive\protected\controllers\ProductController.php:205)
Stack trace:
#0 C:\wamp64\www\testdrive\protected\controllers\ProductController.php(155): ProductController->_sendResponse()
#1 C:\wamp64\www\yii\framework\web\actions\CInlineAction.php(49): ProductController->actionList()
#2 C:\wamp64\www\yii\framework\web\CController.php(308): CInlineAction->runWithParams()
#3 C:\wamp64\www\yii\framework\web\filters\CFilterChain.php(134): ProductController->runAction()
#4 C:\wamp64\www\yii\framework\web\filters\CFilter.php(40): CFilterChain->run()
#5 C:\wamp64\www\yii\framework\web\CController.php(1148): CAccessControlFilter->filter()
#6 C:\wamp64\www\yii\framework\web\filters\CInlineFilter.php(58): ProductController->filterAccessControl()
#7 C:\wamp64\www\yii\framework\web\filters\CFilterChain.php(131): CInlineFilter->filter()
#8 C:\wamp64\www\yii\framework\web\CController.php(291): CFilterChain->run()
#9 C:\wamp64\www\yii\framework\web\CController.php(265): ProductController->runActionWithFilters()
#10 C:\wamp64\www\yii\framework\web\CWebApplication.php(282): ProductController->run()
#11 C:\wamp64\www\yii\framework\web\CWebApplication.php(141): CWebApplication->runController()
#12 C:\wamp64\www\yii\framework\base\CApplication.php(185): CWebApplication->processRequest()
#13 C:\wamp64\www\testdrive\index.php(13): CWebApplication->run()
REQUEST_URI=/testdrive/index.php?r=product/list
in C:\wamp64\www\testdrive\protected\controllers\ProductController.php (205)
in C:\wamp64\www\testdrive\protected\controllers\ProductController.php (155)
in C:\wamp64\www\testdrive\index.php (13)
2022/09/01 23:14:54 [error] [exception.CException] CException: ProductController and its behaviors do not have a method or closure named "_getStatusCodeMessage". in C:\wamp64\www\yii\framework\base\CComponent.php:266
Stack trace:
#0 C:\wamp64\www\testdrive\protected\controllers\ProductController.php(205): CComponent->__call('_getStatusCodeM...', Array)
#1 C:\wamp64\www\testdrive\protected\controllers\ProductController.php(155): ProductController->_sendResponse(200, Array)
#2 C:\wamp64\www\yii\framework\web\actions\CInlineAction.php(49): ProductController->actionList()
#3 C:\wamp64\www\yii\framework\web\CController.php(308): CInlineAction->runWithParams(Array)
#4 C:\wamp64\www\yii\framework\web\filters\CFilterChain.php(134): CController->runAction(Object(CInlineAction))
#5 C:\wamp64\www\yii\framework\web\filters\CFilter.php(40): CFilterChain->run()
#6 C:\wamp64\www\yii\framework\web\CController.php(1148): CFilter->filter(Object(CFilterChain))
#7 C:\wamp64\www\yii\framework\web\filters\CInlineFilter.php(58): CController->filterAccessControl(Object(CFilterChain))
#8 C:\wamp64\www\yii\framework\web\filters\CFilterChain.php(131): CInlineFilter->filter(Object(CFilterChain))
#9 C:\wamp64\www\yii\framework\web\CController.php(291): CFilterChain->run()
#10 C:\wamp64\www\yii\framework\web\CController.php(265): CController->runActionWithFilters(Object(CInlineAction), Array)
#11 C:\wamp64\www\yii\framework\web\CWebApplication.php(282): CController->run('list')
#12 C:\wamp64\www\yii\framework\web\CWebApplication.php(141): CWebApplication->runController('product/list')
#13 C:\wamp64\www\yii\framework\base\CApplication.php(185): CWebApplication->processRequest()
#14 C:\wamp64\www\testdrive\index.php(13): CApplication->run()
#15 {main}
REQUEST_URI=/testdrive/index.php?r=product/list
HTTP_REFERER=http://localhost:8080/
---
2022/09/01 23:15:30 [error] [php] Array to string conversion (C:\wamp64\www\testdrive\protected\controllers\ProductController.php:213)
Stack trace:
#0 C:\wamp64\www\testdrive\protected\controllers\ProductController.php(155): ProductController->_sendResponse()
#1 C:\wamp64\www\yii\framework\web\actions\CInlineAction.php(49): ProductController->actionList()
#2 C:\wamp64\www\yii\framework\web\CController.php(308): CInlineAction->runWithParams()
#3 C:\wamp64\www\yii\framework\web\filters\CFilterChain.php(134): ProductController->runAction()
#4 C:\wamp64\www\yii\framework\web\filters\CFilter.php(40): CFilterChain->run()
#5 C:\wamp64\www\yii\framework\web\CController.php(1148): CAccessControlFilter->filter()
#6 C:\wamp64\www\yii\framework\web\filters\CInlineFilter.php(58): ProductController->filterAccessControl()
#7 C:\wamp64\www\yii\framework\web\filters\CFilterChain.php(131): CInlineFilter->filter()
#8 C:\wamp64\www\yii\framework\web\CController.php(291): CFilterChain->run()
#9 C:\wamp64\www\yii\framework\web\CController.php(265): ProductController->runActionWithFilters()
#10 C:\wamp64\www\yii\framework\web\CWebApplication.php(282): ProductController->run()
#11 C:\wamp64\www\yii\framework\web\CWebApplication.php(141): CWebApplication->runController()
#12 C:\wamp64\www\yii\framework\base\CApplication.php(185): CWebApplication->processRequest()
#13 C:\wamp64\www\testdrive\index.php(13): CWebApplication->run()
REQUEST_URI=/testdrive/index.php?r=product/list
in C:\wamp64\www\testdrive\protected\controllers\ProductController.php (213)
in C:\wamp64\www\testdrive\protected\controllers\ProductController.php (155)
in C:\wamp64\www\testdrive\index.php (13)
2022/09/02 21:03:19 [error] [exception.CHttpException.403] CHttpException: You are not authorized to perform this action. in C:\wamp64\www\yii\framework\web\auth\CAccessControlFilter.php:183
Stack trace:
#0 C:\wamp64\www\yii\framework\web\auth\CAccessControlFilter.php(145): CAccessControlFilter->accessDenied(Object(CWebUser), 'You are not aut...')
#1 C:\wamp64\www\yii\framework\web\filters\CFilter.php(38): CAccessControlFilter->preFilter(Object(CFilterChain))
#2 C:\wamp64\www\yii\framework\web\CController.php(1148): CFilter->filter(Object(CFilterChain))
#3 C:\wamp64\www\yii\framework\web\filters\CInlineFilter.php(58): CController->filterAccessControl(Object(CFilterChain))
#4 C:\wamp64\www\yii\framework\web\filters\CFilterChain.php(131): CInlineFilter->filter(Object(CFilterChain))
#5 C:\wamp64\www\yii\framework\web\CController.php(291): CFilterChain->run()
#6 C:\wamp64\www\yii\framework\web\CController.php(265): CController->runActionWithFilters(Object(CInlineAction), Array)
#7 C:\wamp64\www\yii\framework\web\CWebApplication.php(282): CController->run('admin')
#8 C:\wamp64\www\yii\framework\web\CWebApplication.php(141): CWebApplication->runController('product/admin')
#9 C:\wamp64\www\yii\framework\base\CApplication.php(185): CWebApplication->processRequest()
#10 C:\wamp64\www\testdrive\index.php(13): CApplication->run()
#11 {main}
REQUEST_URI=/testdrive/index.php?r=product/admin
---
2022/09/02 21:21:11 [error] [php] include(ApiController.php): failed to open stream: No such file or directory (C:\wamp64\www\yii\framework\YiiBase.php:463)
Stack trace:
#0 C:\wamp64\www\yii\framework\YiiBase.php(463): include()
#1 unknown(0): autoload()
#2 C:\wamp64\www\testdrive\protected\controllers\ProductController.php(4): spl_autoload_call()
#3 C:\wamp64\www\yii\framework\web\CWebApplication.php(354): require()
#4 C:\wamp64\www\yii\framework\web\CWebApplication.php(276): CWebApplication->createController()
#5 C:\wamp64\www\yii\framework\web\CWebApplication.php(141): CWebApplication->runController()
#6 C:\wamp64\www\yii\framework\base\CApplication.php(185): CWebApplication->processRequest()
#7 C:\wamp64\www\testdrive\index.php(13): CWebApplication->run()
REQUEST_URI=/testdrive/index.php?r=product/list
in C:\wamp64\www\testdrive\protected\controllers\ProductController.php (4)
in C:\wamp64\www\testdrive\index.php (13)
2022/09/02 21:21:25 [error] [php] include(ApiController.php): failed to open stream: No such file or directory (C:\wamp64\www\yii\framework\YiiBase.php:463)
Stack trace:
#0 C:\wamp64\www\yii\framework\YiiBase.php(463): include()
#1 unknown(0): autoload()
#2 C:\wamp64\www\testdrive\protected\controllers\ProductController.php(4): spl_autoload_call()
#3 C:\wamp64\www\yii\framework\web\CWebApplication.php(354): require()
#4 C:\wamp64\www\yii\framework\web\CWebApplication.php(276): CWebApplication->createController()
#5 C:\wamp64\www\yii\framework\web\CWebApplication.php(141): CWebApplication->runController()
#6 C:\wamp64\www\yii\framework\base\CApplication.php(185): CWebApplication->processRequest()
#7 C:\wamp64\www\testdrive\index.php(13): CWebApplication->run()
REQUEST_URI=/testdrive/index.php?r=product/list
in C:\wamp64\www\testdrive\protected\controllers\ProductController.php (4)
in C:\wamp64\www\testdrive\index.php (13)
2022/09/02 21:22:05 [error] [php] include(ApiController.php): failed to open stream: No such file or directory (C:\wamp64\www\yii\framework\YiiBase.php:463)
Stack trace:
#0 C:\wamp64\www\yii\framework\YiiBase.php(463): include()
#1 unknown(0): autoload()
#2 C:\wamp64\www\testdrive\protected\controllers\ProductController.php(6): spl_autoload_call()
#3 C:\wamp64\www\yii\framework\web\CWebApplication.php(354): require()
#4 C:\wamp64\www\yii\framework\web\CWebApplication.php(276): CWebApplication->createController()
#5 C:\wamp64\www\yii\framework\web\CWebApplication.php(141): CWebApplication->runController()
#6 C:\wamp64\www\yii\framework\base\CApplication.php(185): CWebApplication->processRequest()
#7 C:\wamp64\www\testdrive\index.php(13): CWebApplication->run()
REQUEST_URI=/testdrive/index.php?r=product/list
in C:\wamp64\www\testdrive\protected\controllers\ProductController.php (6)
in C:\wamp64\www\testdrive\index.php (13)
2022/09/02 21:23:10 [error] [exception.Error] Error: Class 'Controllers\ApiController' not found in C:\wamp64\www\testdrive\protected\controllers\ProductController.php:7
Stack trace:
#0 C:\wamp64\www\yii\framework\web\CWebApplication.php(354): require()
#1 C:\wamp64\www\yii\framework\web\CWebApplication.php(276): CWebApplication->createController('list/')
#2 C:\wamp64\www\yii\framework\web\CWebApplication.php(141): CWebApplication->runController('product/list')
#3 C:\wamp64\www\yii\framework\base\CApplication.php(185): CWebApplication->processRequest()
#4 C:\wamp64\www\testdrive\index.php(13): CApplication->run()
#5 {main}
REQUEST_URI=/testdrive/index.php?r=product/list
HTTP_REFERER=http://localhost:8080/
---
2022/09/02 21:24:06 [error] [php] include(ApiController): failed to open stream: No such file or directory (C:\wamp64\www\testdrive\protected\controllers\ProductController.php:5)
Stack trace:
#0 C:\wamp64\www\testdrive\protected\controllers\ProductController.php(5): include()
#1 C:\wamp64\www\yii\framework\web\CWebApplication.php(354): require()
#2 C:\wamp64\www\yii\framework\web\CWebApplication.php(276): CWebApplication->createController()
#3 C:\wamp64\www\yii\framework\web\CWebApplication.php(141): CWebApplication->runController()
#4 C:\wamp64\www\yii\framework\base\CApplication.php(185): CWebApplication->processRequest()
#5 C:\wamp64\www\testdrive\index.php(13): CWebApplication->run()
REQUEST_URI=/testdrive/index.php?r=product/list
in C:\wamp64\www\testdrive\protected\controllers\ProductController.php (5)
in C:\wamp64\www\testdrive\protected\controllers\ProductController.php (5)
in C:\wamp64\www\testdrive\index.php (13)
2022/09/02 21:24:23 [error] [php] include(.\ApiController): failed to open stream: No such file or directory (C:\wamp64\www\testdrive\protected\controllers\ProductController.php:5)
Stack trace:
#0 C:\wamp64\www\testdrive\protected\controllers\ProductController.php(5): include()
#1 C:\wamp64\www\yii\framework\web\CWebApplication.php(354): require()
#2 C:\wamp64\www\yii\framework\web\CWebApplication.php(276): CWebApplication->createController()
#3 C:\wamp64\www\yii\framework\web\CWebApplication.php(141): CWebApplication->runController()
#4 C:\wamp64\www\yii\framework\base\CApplication.php(185): CWebApplication->processRequest()
#5 C:\wamp64\www\testdrive\index.php(13): CWebApplication->run()
REQUEST_URI=/testdrive/index.php?r=product/list
in C:\wamp64\www\testdrive\protected\controllers\ProductController.php (5)
in C:\wamp64\www\testdrive\protected\controllers\ProductController.php (5)
in C:\wamp64\www\testdrive\index.php (13)
2022/09/02 21:24:41 [error] [php] include(./ApiController.php): failed to open stream: No such file or directory (C:\wamp64\www\testdrive\protected\controllers\ProductController.php:5)
Stack trace:
#0 C:\wamp64\www\testdrive\protected\controllers\ProductController.php(5): include()
#1 C:\wamp64\www\yii\framework\web\CWebApplication.php(354): require()
#2 C:\wamp64\www\yii\framework\web\CWebApplication.php(276): CWebApplication->createController()
#3 C:\wamp64\www\yii\framework\web\CWebApplication.php(141): CWebApplication->runController()
#4 C:\wamp64\www\yii\framework\base\CApplication.php(185): CWebApplication->processRequest()
#5 C:\wamp64\www\testdrive\index.php(13): CWebApplication->run()
REQUEST_URI=/testdrive/index.php?r=product/list
in C:\wamp64\www\testdrive\protected\controllers\ProductController.php (5)
in C:\wamp64\www\testdrive\protected\controllers\ProductController.php (5)
in C:\wamp64\www\testdrive\index.php (13)
2022/09/02 21:24:53 [error] [exception.Error] Error: Class 'Controllers\Controller' not found in C:\wamp64\www\testdrive\protected\controllers\ApiController.php:8
Stack trace:
#0 C:\wamp64\www\testdrive\protected\controllers\ProductController.php(5): include()
#1 C:\wamp64\www\yii\framework\web\CWebApplication.php(354): require('C:\\wamp64\\www\\t...')
#2 C:\wamp64\www\yii\framework\web\CWebApplication.php(276): CWebApplication->createController('list/')
#3 C:\wamp64\www\yii\framework\web\CWebApplication.php(141): CWebApplication->runController('product/list')
#4 C:\wamp64\www\yii\framework\base\CApplication.php(185): CWebApplication->processRequest()
#5 C:\wamp64\www\testdrive\index.php(13): CApplication->run()
#6 {main}
REQUEST_URI=/testdrive/index.php?r=product/list
HTTP_REFERER=http://localhost:8080/
---
2022/09/02 21:25:35 [error] [exception.Error] Error: Class 'Controllers\Controller' not found in C:\wamp64\www\testdrive\protected\controllers\ApiController.php:8
Stack trace:
#0 C:\wamp64\www\testdrive\protected\controllers\ProductController.php(5): include()
#1 C:\wamp64\www\yii\framework\web\CWebApplication.php(354): require('C:\\wamp64\\www\\t...')
#2 C:\wamp64\www\yii\framework\web\CWebApplication.php(276): CWebApplication->createController('list/')
#3 C:\wamp64\www\yii\framework\web\CWebApplication.php(141): CWebApplication->runController('product/list')
#4 C:\wamp64\www\yii\framework\base\CApplication.php(185): CWebApplication->processRequest()
#5 C:\wamp64\www\testdrive\index.php(13): CApplication->run()
#6 {main}
REQUEST_URI=/testdrive/index.php?r=product/list
HTTP_REFERER=http://localhost:8080/
---
2022/09/02 21:25:50 [error] [php] include(ApiController.php): failed to open stream: No such file or directory (C:\wamp64\www\yii\framework\YiiBase.php:463)
Stack trace:
#0 C:\wamp64\www\yii\framework\YiiBase.php(463): include()
#1 unknown(0): autoload()
#2 C:\wamp64\www\testdrive\protected\controllers\ProductController.php(6): spl_autoload_call()
#3 C:\wamp64\www\yii\framework\web\CWebApplication.php(354): require()
#4 C:\wamp64\www\yii\framework\web\CWebApplication.php(276): CWebApplication->createController()
#5 C:\wamp64\www\yii\framework\web\CWebApplication.php(141): CWebApplication->runController()
#6 C:\wamp64\www\yii\framework\base\CApplication.php(185): CWebApplication->processRequest()
#7 C:\wamp64\www\testdrive\index.php(13): CWebApplication->run()
REQUEST_URI=/testdrive/index.php?r=product/list
in C:\wamp64\www\testdrive\protected\controllers\ProductController.php (6)
in C:\wamp64\www\testdrive\index.php (13)
2022/09/02 21:26:01 [error] [php] include(ApiController.php): failed to open stream: No such file or directory (C:\wamp64\www\yii\framework\YiiBase.php:463)
Stack trace:
#0 C:\wamp64\www\yii\framework\YiiBase.php(463): include()
#1 unknown(0): autoload()
#2 C:\wamp64\www\testdrive\protected\controllers\ProductController.php(6): spl_autoload_call()
#3 C:\wamp64\www\yii\framework\web\CWebApplication.php(354): require()
#4 C:\wamp64\www\yii\framework\web\CWebApplication.php(276): CWebApplication->createController()
#5 C:\wamp64\www\yii\framework\web\CWebApplication.php(141): CWebApplication->runController()
#6 C:\wamp64\www\yii\framework\base\CApplication.php(185): CWebApplication->processRequest()
#7 C:\wamp64\www\testdrive\index.php(13): CWebApplication->run()
REQUEST_URI=/testdrive/index.php?r=product/list
in C:\wamp64\www\testdrive\protected\controllers\ProductController.php (6)
in C:\wamp64\www\testdrive\index.php (13)
2022/09/02 21:26:08 [error] [php] include(ApiController.php): failed to open stream: No such file or directory (C:\wamp64\www\yii\framework\YiiBase.php:463)
Stack trace:
#0 C:\wamp64\www\yii\framework\YiiBase.php(463): include()
#1 unknown(0): autoload()
#2 C:\wamp64\www\testdrive\protected\controllers\ProductController.php(6): spl_autoload_call()
#3 C:\wamp64\www\yii\framework\web\CWebApplication.php(354): require()
#4 C:\wamp64\www\yii\framework\web\CWebApplication.php(276): CWebApplication->createController()
#5 C:\wamp64\www\yii\framework\web\CWebApplication.php(141): CWebApplication->runController()
#6 C:\wamp64\www\yii\framework\base\CApplication.php(185): CWebApplication->processRequest()
#7 C:\wamp64\www\testdrive\index.php(13): CWebApplication->run()
REQUEST_URI=/testdrive/index.php?r=product/list
in C:\wamp64\www\testdrive\protected\controllers\ProductController.php (6)
in C:\wamp64\www\testdrive\index.php (13)
2022/09/02 22:07:08 [error] [php] Array to string conversion (C:\wamp64\www\testdrive\protected\controllers\ProductController.php:84)
Stack trace:
#0 C:\wamp64\www\yii\framework\web\actions\CInlineAction.php(49): ProductController->actionCreate()
#1 C:\wamp64\www\yii\framework\web\CController.php(308): CInlineAction->runWithParams()
#2 C:\wamp64\www\yii\framework\web\filters\CFilterChain.php(134): ProductController->runAction()
#3 C:\wamp64\www\yii\framework\web\filters\CFilter.php(40): CFilterChain->run()
#4 C:\wamp64\www\yii\framework\web\CController.php(1148): CAccessControlFilter->filter()
#5 C:\wamp64\www\yii\framework\web\filters\CInlineFilter.php(58): ProductController->filterAccessControl()
#6 C:\wamp64\www\yii\framework\web\filters\CFilterChain.php(131): CInlineFilter->filter()
#7 C:\wamp64\www\yii\framework\web\CController.php(291): CFilterChain->run()
#8 C:\wamp64\www\yii\framework\web\CController.php(265): ProductController->runActionWithFilters()
#9 C:\wamp64\www\yii\framework\web\CWebApplication.php(282): ProductController->run()
#10 C:\wamp64\www\yii\framework\web\CWebApplication.php(141): CWebApplication->runController()
#11 C:\wamp64\www\yii\framework\base\CApplication.php(185): CWebApplication->processRequest()
#12 C:\wamp64\www\testdrive\index.php(13): CWebApplication->run()
REQUEST_URI=/testdrive/index.php?r=product/create/
in C:\wamp64\www\testdrive\protected\controllers\ProductController.php (84)
in C:\wamp64\www\testdrive\index.php (13)
2022/09/02 22:07:52 [error] [php] Undefined index: name (C:\wamp64\www\testdrive\protected\controllers\ProductController.php:84)
Stack trace:
#0 C:\wamp64\www\yii\framework\web\actions\CInlineAction.php(49): ProductController->actionCreate()
#1 C:\wamp64\www\yii\framework\web\CController.php(308): CInlineAction->runWithParams()
#2 C:\wamp64\www\yii\framework\web\filters\CFilterChain.php(134): ProductController->runAction()
#3 C:\wamp64\www\yii\framework\web\filters\CFilter.php(40): CFilterChain->run()
#4 C:\wamp64\www\yii\framework\web\CController.php(1148): CAccessControlFilter->filter()
#5 C:\wamp64\www\yii\framework\web\filters\CInlineFilter.php(58): ProductController->filterAccessControl()
#6 C:\wamp64\www\yii\framework\web\filters\CFilterChain.php(131): CInlineFilter->filter()
#7 C:\wamp64\www\yii\framework\web\CController.php(291): CFilterChain->run()
#8 C:\wamp64\www\yii\framework\web\CController.php(265): ProductController->runActionWithFilters()
#9 C:\wamp64\www\yii\framework\web\CWebApplication.php(282): ProductController->run()
#10 C:\wamp64\www\yii\framework\web\CWebApplication.php(141): CWebApplication->runController()
#11 C:\wamp64\www\yii\framework\base\CApplication.php(185): CWebApplication->processRequest()
#12 C:\wamp64\www\testdrive\index.php(13): CWebApplication->run()
REQUEST_URI=/testdrive/index.php?r=product/create/
in C:\wamp64\www\testdrive\protected\controllers\ProductController.php (84)
in C:\wamp64\www\testdrive\index.php (13)
2022/09/02 22:08:27 [error] [php] Undefined index: name (C:\wamp64\www\testdrive\protected\controllers\ProductController.php:84)
Stack trace:
#0 C:\wamp64\www\yii\framework\web\actions\CInlineAction.php(49): ProductController->actionCreate()
#1 C:\wamp64\www\yii\framework\web\CController.php(308): CInlineAction->runWithParams()
#2 C:\wamp64\www\yii\framework\web\filters\CFilterChain.php(134): ProductController->runAction()
#3 C:\wamp64\www\yii\framework\web\filters\CFilter.php(40): CFilterChain->run()
#4 C:\wamp64\www\yii\framework\web\CController.php(1148): CAccessControlFilter->filter()
#5 C:\wamp64\www\yii\framework\web\filters\CInlineFilter.php(58): ProductController->filterAccessControl()
#6 C:\wamp64\www\yii\framework\web\filters\CFilterChain.php(131): CInlineFilter->filter()
#7 C:\wamp64\www\yii\framework\web\CController.php(291): CFilterChain->run()
#8 C:\wamp64\www\yii\framework\web\CController.php(265): ProductController->runActionWithFilters()
#9 C:\wamp64\www\yii\framework\web\CWebApplication.php(282): ProductController->run()
#10 C:\wamp64\www\yii\framework\web\CWebApplication.php(141): CWebApplication->runController()
#11 C:\wamp64\www\yii\framework\base\CApplication.php(185): CWebApplication->processRequest()
#12 C:\wamp64\www\testdrive\index.php(13): CWebApplication->run()
REQUEST_URI=/testdrive/index.php?r=product/create/
in C:\wamp64\www\testdrive\protected\controllers\ProductController.php (84)
in C:\wamp64\www\testdrive\index.php (13)
2022/09/02 22:09:23 [error] [php] Undefined index: Product (C:\wamp64\www\testdrive\protected\controllers\ProductController.php:84)
Stack trace:
#0 C:\wamp64\www\yii\framework\web\actions\CInlineAction.php(49): ProductController->actionCreate()
#1 C:\wamp64\www\yii\framework\web\CController.php(308): CInlineAction->runWithParams()
#2 C:\wamp64\www\yii\framework\web\filters\CFilterChain.php(134): ProductController->runAction()
#3 C:\wamp64\www\yii\framework\web\filters\CFilter.php(40): CFilterChain->run()
#4 C:\wamp64\www\yii\framework\web\CController.php(1148): CAccessControlFilter->filter()
#5 C:\wamp64\www\yii\framework\web\filters\CInlineFilter.php(58): ProductController->filterAccessControl()
#6 C:\wamp64\www\yii\framework\web\filters\CFilterChain.php(131): CInlineFilter->filter()
#7 C:\wamp64\www\yii\framework\web\CController.php(291): CFilterChain->run()
#8 C:\wamp64\www\yii\framework\web\CController.php(265): ProductController->runActionWithFilters()
#9 C:\wamp64\www\yii\framework\web\CWebApplication.php(282): ProductController->run()
#10 C:\wamp64\www\yii\framework\web\CWebApplication.php(141): CWebApplication->runController()
#11 C:\wamp64\www\yii\framework\base\CApplication.php(185): CWebApplication->processRequest()
#12 C:\wamp64\www\testdrive\index.php(13): CWebApplication->run()
REQUEST_URI=/testdrive/index.php?r=product/create/
in C:\wamp64\www\testdrive\protected\controllers\ProductController.php (84)
in C:\wamp64\www\testdrive\index.php (13)
2022/09/02 22:15:55 [error] [php] Undefined index: model (C:\wamp64\www\testdrive\protected\controllers\ProductController.php:95)
Stack trace:
#0 C:\wamp64\www\yii\framework\web\actions\CInlineAction.php(49): ProductController->actionCreate()
#1 C:\wamp64\www\yii\framework\web\CController.php(308): CInlineAction->runWithParams()
#2 C:\wamp64\www\yii\framework\web\filters\CFilterChain.php(134): ProductController->runAction()
#3 C:\wamp64\www\yii\framework\web\filters\CFilter.php(40): CFilterChain->run()
#4 C:\wamp64\www\yii\framework\web\CController.php(1148): CAccessControlFilter->filter()
#5 C:\wamp64\www\yii\framework\web\filters\CInlineFilter.php(58): ProductController->filterAccessControl()
#6 C:\wamp64\www\yii\framework\web\filters\CFilterChain.php(131): CInlineFilter->filter()
#7 C:\wamp64\www\yii\framework\web\CController.php(291): CFilterChain->run()
#8 C:\wamp64\www\yii\framework\web\CController.php(265): ProductController->runActionWithFilters()
#9 C:\wamp64\www\yii\framework\web\CWebApplication.php(282): ProductController->run()
#10 C:\wamp64\www\yii\framework\web\CWebApplication.php(141): CWebApplication->runController()
#11 C:\wamp64\www\yii\framework\base\CApplication.php(185): CWebApplication->processRequest()
#12 C:\wamp64\www\testdrive\index.php(13): CWebApplication->run()
REQUEST_URI=/testdrive/index.php?r=product/create/
in C:\wamp64\www\testdrive\protected\controllers\ProductController.php (95)
in C:\wamp64\www\testdrive\index.php (13)
2022/09/02 22:25:33 [error] [php] Array to string conversion (C:\wamp64\www\testdrive\protected\controllers\ProductController.php:95)
Stack trace:
#0 C:\wamp64\www\yii\framework\web\actions\CInlineAction.php(49): ProductController->actionCreate()
#1 C:\wamp64\www\yii\framework\web\CController.php(308): CInlineAction->runWithParams()
#2 C:\wamp64\www\yii\framework\web\filters\CFilterChain.php(134): ProductController->runAction()
#3 C:\wamp64\www\yii\framework\web\filters\CFilter.php(40): CFilterChain->run()
#4 C:\wamp64\www\yii\framework\web\CController.php(1148): CAccessControlFilter->filter()
#5 C:\wamp64\www\yii\framework\web\filters\CInlineFilter.php(58): ProductController->filterAccessControl()
#6 C:\wamp64\www\yii\framework\web\filters\CFilterChain.php(131): CInlineFilter->filter()
#7 C:\wamp64\www\yii\framework\web\CController.php(291): CFilterChain->run()
#8 C:\wamp64\www\yii\framework\web\CController.php(265): ProductController->runActionWithFilters()
#9 C:\wamp64\www\yii\framework\web\CWebApplication.php(282): ProductController->run()
#10 C:\wamp64\www\yii\framework\web\CWebApplication.php(141): CWebApplication->runController()
#11 C:\wamp64\www\yii\framework\base\CApplication.php(185): CWebApplication->processRequest()
#12 C:\wamp64\www\testdrive\index.php(13): CWebApplication->run()
REQUEST_URI=/testdrive/index.php?r=product/create/
in C:\wamp64\www\testdrive\protected\controllers\ProductController.php (95)
in C:\wamp64\www\testdrive\index.php (13)
2022/09/02 22:25:42 [error] [php] Array to string conversion (C:\wamp64\www\testdrive\protected\controllers\ProductController.php:95)
Stack trace:
#0 C:\wamp64\www\yii\framework\web\actions\CInlineAction.php(49): ProductController->actionCreate()
#1 C:\wamp64\www\yii\framework\web\CController.php(308): CInlineAction->runWithParams()
#2 C:\wamp64\www\yii\framework\web\filters\CFilterChain.php(134): ProductController->runAction()
#3 C:\wamp64\www\yii\framework\web\filters\CFilter.php(40): CFilterChain->run()
#4 C:\wamp64\www\yii\framework\web\CController.php(1148): CAccessControlFilter->filter()
#5 C:\wamp64\www\yii\framework\web\filters\CInlineFilter.php(58): ProductController->filterAccessControl()
#6 C:\wamp64\www\yii\framework\web\filters\CFilterChain.php(131): CInlineFilter->filter()
#7 C:\wamp64\www\yii\framework\web\CController.php(291): CFilterChain->run()
#8 C:\wamp64\www\yii\framework\web\CController.php(265): ProductController->runActionWithFilters()
#9 C:\wamp64\www\yii\framework\web\CWebApplication.php(282): ProductController->run()
#10 C:\wamp64\www\yii\framework\web\CWebApplication.php(141): CWebApplication->runController()
#11 C:\wamp64\www\yii\framework\base\CApplication.php(185): CWebApplication->processRequest()
#12 C:\wamp64\www\testdrive\index.php(13): CWebApplication->run()
REQUEST_URI=/testdrive/index.php?r=product/create/
in C:\wamp64\www\testdrive\protected\controllers\ProductController.php (95)
in C:\wamp64\www\testdrive\index.php (13)
2022/09/02 22:26:53 [error] [php] Array to string conversion (C:\wamp64\www\testdrive\protected\controllers\ProductController.php:95)
Stack trace:
#0 C:\wamp64\www\yii\framework\web\actions\CInlineAction.php(49): ProductController->actionCreate()
#1 C:\wamp64\www\yii\framework\web\CController.php(308): CInlineAction->runWithParams()
#2 C:\wamp64\www\yii\framework\web\filters\CFilterChain.php(134): ProductController->runAction()
#3 C:\wamp64\www\yii\framework\web\filters\CFilter.php(40): CFilterChain->run()
#4 C:\wamp64\www\yii\framework\web\CController.php(1148): CAccessControlFilter->filter()
#5 C:\wamp64\www\yii\framework\web\filters\CInlineFilter.php(58): ProductController->filterAccessControl()
#6 C:\wamp64\www\yii\framework\web\filters\CFilterChain.php(131): CInlineFilter->filter()
#7 C:\wamp64\www\yii\framework\web\CController.php(291): CFilterChain->run()
#8 C:\wamp64\www\yii\framework\web\CController.php(265): ProductController->runActionWithFilters()
#9 C:\wamp64\www\yii\framework\web\CWebApplication.php(282): ProductController->run()
#10 C:\wamp64\www\yii\framework\web\CWebApplication.php(141): CWebApplication->runController()
#11 C:\wamp64\www\yii\framework\base\CApplication.php(185): CWebApplication->processRequest()
#12 C:\wamp64\www\testdrive\index.php(13): CWebApplication->run()
REQUEST_URI=/testdrive/index.php?r=product/create/
in C:\wamp64\www\testdrive\protected\controllers\ProductController.php (95)
in C:\wamp64\www\testdrive\index.php (13)
2022/09/02 22:28:08 [error] [php] Invalid argument supplied for foreach() (C:\wamp64\www\testdrive\protected\controllers\ProductController.php:97)
Stack trace:
#0 C:\wamp64\www\yii\framework\web\actions\CInlineAction.php(49): ProductController->actionCreate()
#1 C:\wamp64\www\yii\framework\web\CController.php(308): CInlineAction->runWithParams()
#2 C:\wamp64\www\yii\framework\web\filters\CFilterChain.php(134): ProductController->runAction()
#3 C:\wamp64\www\yii\framework\web\filters\CFilter.php(40): CFilterChain->run()
#4 C:\wamp64\www\yii\framework\web\CController.php(1148): CAccessControlFilter->filter()
#5 C:\wamp64\www\yii\framework\web\filters\CInlineFilter.php(58): ProductController->filterAccessControl()
#6 C:\wamp64\www\yii\framework\web\filters\CFilterChain.php(131): CInlineFilter->filter()
#7 C:\wamp64\www\yii\framework\web\CController.php(291): CFilterChain->run()
#8 C:\wamp64\www\yii\framework\web\CController.php(265): ProductController->runActionWithFilters()
#9 C:\wamp64\www\yii\framework\web\CWebApplication.php(282): ProductController->run()
#10 C:\wamp64\www\yii\framework\web\CWebApplication.php(141): CWebApplication->runController()
#11 C:\wamp64\www\yii\framework\base\CApplication.php(185): CWebApplication->processRequest()
#12 C:\wamp64\www\testdrive\index.php(13): CWebApplication->run()
REQUEST_URI=/testdrive/index.php?r=product/create/
in C:\wamp64\www\testdrive\protected\controllers\ProductController.php (97)
in C:\wamp64\www\testdrive\index.php (13)
2022/09/02 22:28:53 [error] [php] Invalid argument supplied for foreach() (C:\wamp64\www\testdrive\protected\controllers\ProductController.php:97)
Stack trace:
#0 C:\wamp64\www\yii\framework\web\actions\CInlineAction.php(49): ProductController->actionCreate()
#1 C:\wamp64\www\yii\framework\web\CController.php(308): CInlineAction->runWithParams()
#2 C:\wamp64\www\yii\framework\web\filters\CFilterChain.php(134): ProductController->runAction()
#3 C:\wamp64\www\yii\framework\web\filters\CFilter.php(40): CFilterChain->run()
#4 C:\wamp64\www\yii\framework\web\CController.php(1148): CAccessControlFilter->filter()
#5 C:\wamp64\www\yii\framework\web\filters\CInlineFilter.php(58): ProductController->filterAccessControl()
#6 C:\wamp64\www\yii\framework\web\filters\CFilterChain.php(131): CInlineFilter->filter()
#7 C:\wamp64\www\yii\framework\web\CController.php(291): CFilterChain->run()
#8 C:\wamp64\www\yii\framework\web\CController.php(265): ProductController->runActionWithFilters()
#9 C:\wamp64\www\yii\framework\web\CWebApplication.php(282): ProductController->run()
#10 C:\wamp64\www\yii\framework\web\CWebApplication.php(141): CWebApplication->runController()
#11 C:\wamp64\www\yii\framework\base\CApplication.php(185): CWebApplication->processRequest()
#12 C:\wamp64\www\testdrive\index.php(13): CWebApplication->run()
REQUEST_URI=/testdrive/index.php?r=product/create
in C:\wamp64\www\testdrive\protected\controllers\ProductController.php (97)
in C:\wamp64\www\testdrive\index.php (13)
2022/09/02 22:36:44 [error] [php] Array to string conversion (C:\wamp64\www\testdrive\protected\controllers\ProductController.php:202)
Stack trace:
#0 C:\wamp64\www\testdrive\protected\controllers\ProductController.php(188): ProductController->_sendResponse()
#1 C:\wamp64\www\testdrive\protected\controllers\ProductController.php(80): ProductController->saveModel()
#2 C:\wamp64\www\yii\framework\web\actions\CInlineAction.php(49): ProductController->actionCreate()
#3 C:\wamp64\www\yii\framework\web\CController.php(308): CInlineAction->runWithParams()
#4 C:\wamp64\www\yii\framework\web\filters\CFilterChain.php(134): ProductController->runAction()
#5 C:\wamp64\www\yii\framework\web\filters\CFilter.php(40): CFilterChain->run()
#6 C:\wamp64\www\yii\framework\web\CController.php(1148): CAccessControlFilter->filter()
#7 C:\wamp64\www\yii\framework\web\filters\CInlineFilter.php(58): ProductController->filterAccessControl()
#8 C:\wamp64\www\yii\framework\web\filters\CFilterChain.php(131): CInlineFilter->filter()
#9 C:\wamp64\www\yii\framework\web\CController.php(291): CFilterChain->run()
#10 C:\wamp64\www\yii\framework\web\CController.php(265): ProductController->runActionWithFilters()
#11 C:\wamp64\www\yii\framework\web\CWebApplication.php(282): ProductController->run()
#12 C:\wamp64\www\yii\framework\web\CWebApplication.php(141): CWebApplication->runController()
#13 C:\wamp64\www\yii\framework\base\CApplication.php(185): CWebApplication->processRequest()
#14 C:\wamp64\www\testdrive\index.php(13): CWebApplication->run()
REQUEST_URI=/testdrive/index.php?r=product/create
in C:\wamp64\www\testdrive\protected\controllers\ProductController.php (202)
in C:\wamp64\www\testdrive\protected\controllers\ProductController.php (188)
in C:\wamp64\www\testdrive\protected\controllers\ProductController.php (80)
2022/09/02 22:40:20 [error] [exception.CHttpException.404] CHttpException: The system is unable to find the requested action "udapte?id=1". in C:\wamp64\www\yii\framework\web\CController.php:486
Stack trace:
#0 C:\wamp64\www\yii\framework\web\CController.php(270): CController->missingAction('udapte?id=1')
#1 C:\wamp64\www\yii\framework\web\CWebApplication.php(282): CController->run('udapte?id=1')
#2 C:\wamp64\www\yii\framework\web\CWebApplication.php(141): CWebApplication->runController('product/udapte?...')
#3 C:\wamp64\www\yii\framework\base\CApplication.php(185): CWebApplication->processRequest()
#4 C:\wamp64\www\testdrive\index.php(13): CApplication->run()
#5 {main}
REQUEST_URI=/testdrive/index.php?r=product/udapte?id=1
HTTP_REFERER=http://localhost:8080/
---
2022/09/02 22:40:53 [error] [exception.CHttpException.404] CHttpException: The system is unable to find the requested action "update?id=1". in C:\wamp64\www\yii\framework\web\CController.php:486
Stack trace:
#0 C:\wamp64\www\yii\framework\web\CController.php(270): CController->missingAction('update?id=1')
#1 C:\wamp64\www\yii\framework\web\CWebApplication.php(282): CController->run('update?id=1')
#2 C:\wamp64\www\yii\framework\web\CWebApplication.php(141): CWebApplication->runController('product/update?...')
#3 C:\wamp64\www\yii\framework\base\CApplication.php(185): CWebApplication->processRequest()
#4 C:\wamp64\www\testdrive\index.php(13): CApplication->run()
#5 {main}
REQUEST_URI=/testdrive/index.php?r=product/update?id=1
HTTP_REFERER=http://localhost:8080/
---
2022/09/02 22:41:02 [error] [exception.CHttpException.404] CHttpException: The system is unable to find the requested action "update?id=1". in C:\wamp64\www\yii\framework\web\CController.php:486
Stack trace:
#0 C:\wamp64\www\yii\framework\web\CController.php(270): CController->missingAction('update?id=1')
#1 C:\wamp64\www\yii\framework\web\CWebApplication.php(282): CController->run('update?id=1')
#2 C:\wamp64\www\yii\framework\web\CWebApplication.php(141): CWebApplication->runController('product/update?...')
#3 C:\wamp64\www\yii\framework\base\CApplication.php(185): CWebApplication->processRequest()
#4 C:\wamp64\www\testdrive\index.php(13): CApplication->run()
#5 {main}
REQUEST_URI=/testdrive/index.php?r=product/update?id=1
HTTP_REFERER=http://localhost:8080/
---
2022/09/02 22:41:08 [error] [exception.CHttpException.404] CHttpException: The system is unable to find the requested action "update?id=1". in C:\wamp64\www\yii\framework\web\CController.php:486
Stack trace:
#0 C:\wamp64\www\yii\framework\web\CController.php(270): CController->missingAction('update?id=1')
#1 C:\wamp64\www\yii\framework\web\CWebApplication.php(282): CController->run('update?id=1')
#2 C:\wamp64\www\yii\framework\web\CWebApplication.php(141): CWebApplication->runController('product/update?...')
#3 C:\wamp64\www\yii\framework\base\CApplication.php(185): CWebApplication->processRequest()
#4 C:\wamp64\www\testdrive\index.php(13): CApplication->run()
#5 {main}
REQUEST_URI=/testdrive/index.php?r=product/update?id=1
---
2022/09/02 22:43:07 [error] [exception.CHttpException.404] CHttpException: The system is unable to find the requested action "update?id=1". in C:\wamp64\www\yii\framework\web\CController.php:486
Stack trace:
#0 C:\wamp64\www\yii\framework\web\CController.php(270): CController->missingAction('update?id=1')
#1 C:\wamp64\www\yii\framework\web\CWebApplication.php(282): CController->run('update?id=1')
#2 C:\wamp64\www\yii\framework\web\CWebApplication.php(141): CWebApplication->runController('product/update?...')
#3 C:\wamp64\www\yii\framework\base\CApplication.php(185): CWebApplication->processRequest()
#4 C:\wamp64\www\testdrive\index.php(13): CApplication->run()
#5 {main}
REQUEST_URI=/testdrive/index.php?r=product/update?id=1
HTTP_REFERER=http://localhost:8080/
---
2022/09/02 22:43:25 [error] [exception.CHttpException.404] CHttpException: The system is unable to find the requested action "update?id=1". in C:\wamp64\www\yii\framework\web\CController.php:486
Stack trace:
#0 C:\wamp64\www\yii\framework\web\CController.php(270): CController->missingAction('update?id=1')
#1 C:\wamp64\www\yii\framework\web\CWebApplication.php(282): CController->run('update?id=1')
#2 C:\wamp64\www\yii\framework\web\CWebApplication.php(141): CWebApplication->runController('product/update?...')
#3 C:\wamp64\www\yii\framework\base\CApplication.php(185): CWebApplication->processRequest()
#4 C:\wamp64\www\testdrive\index.php(13): CApplication->run()
#5 {main}
REQUEST_URI=/testdrive/index.php?r=product/update?id=1
HTTP_REFERER=http://localhost:8080/
---
2022/09/02 22:43:25 [error] [exception.CHttpException.404] CHttpException: The system is unable to find the requested action "update?id=1". in C:\wamp64\www\yii\framework\web\CController.php:486
Stack trace:
#0 C:\wamp64\www\yii\framework\web\CController.php(270): CController->missingAction('update?id=1')
#1 C:\wamp64\www\yii\framework\web\CWebApplication.php(282): CController->run('update?id=1')
#2 C:\wamp64\www\yii\framework\web\CWebApplication.php(141): CWebApplication->runController('product/update?...')
#3 C:\wamp64\www\yii\framework\base\CApplication.php(185): CWebApplication->processRequest()
#4 C:\wamp64\www\testdrive\index.php(13): CApplication->run()
#5 {main}
REQUEST_URI=/testdrive/index.php?r=product/update?id=1
HTTP_REFERER=http://localhost:8080/
---
2022/09/02 22:47:31 [error] [exception.CHttpException.404] CHttpException: The system is unable to find the requested action "update?id=2". in C:\wamp64\www\yii\framework\web\CController.php:486
Stack trace:
#0 C:\wamp64\www\yii\framework\web\CController.php(270): CController->missingAction('update?id=2')
#1 C:\wamp64\www\yii\framework\web\CWebApplication.php(282): CController->run('update?id=2')
#2 C:\wamp64\www\yii\framework\web\CWebApplication.php(141): CWebApplication->runController('product/update?...')
#3 C:\wamp64\www\yii\framework\base\CApplication.php(185): CWebApplication->processRequest()
#4 C:\wamp64\www\testdrive\index.php(13): CApplication->run()
#5 {main}
REQUEST_URI=/testdrive/index.php?r=product/update?id=2
HTTP_REFERER=http://localhost:8080/
---
2022/09/02 22:49:35 [error] [exception.CHttpException.404] CHttpException: The system is unable to find the requested action "update?id=1". in C:\wamp64\www\yii\framework\web\CController.php:486
Stack trace:
#0 C:\wamp64\www\yii\framework\web\CController.php(270): CController->missingAction('update?id=1')
#1 C:\wamp64\www\yii\framework\web\CWebApplication.php(282): CController->run('update?id=1')
#2 C:\wamp64\www\yii\framework\web\CWebApplication.php(141): CWebApplication->runController('product/update?...')
#3 C:\wamp64\www\yii\framework\base\CApplication.php(185): CWebApplication->processRequest()
#4 C:\wamp64\www\testdrive\index.php(13): CApplication->run()
#5 {main}
REQUEST_URI=/testdrive/index.php?r=product/update?id=1
HTTP_REFERER=http://localhost:8080/
---
2022/09/02 22:51:27 [error] [exception.CHttpException.404] CHttpException: The system is unable to find the requested action "listpage=1". in C:\wamp64\www\yii\framework\web\CController.php:486
Stack trace:
#0 C:\wamp64\www\yii\framework\web\CController.php(270): CController->missingAction('listpage=1')
#1 C:\wamp64\www\yii\framework\web\CWebApplication.php(282): CController->run('listpage=1')
#2 C:\wamp64\www\yii\framework\web\CWebApplication.php(141): CWebApplication->runController('product/listpag...')
#3 C:\wamp64\www\yii\framework\base\CApplication.php(185): CWebApplication->processRequest()
#4 C:\wamp64\www\testdrive\index.php(13): CApplication->run()
#5 {main}
REQUEST_URI=/testdrive/index.php?r=product/listpage=1&per-page=3
HTTP_REFERER=http://localhost:8080/
---
2022/09/02 22:51:29 [error] [exception.CHttpException.404] CHttpException: The system is unable to find the requested action "list?page=1". in C:\wamp64\www\yii\framework\web\CController.php:486
Stack trace:
#0 C:\wamp64\www\yii\framework\web\CController.php(270): CController->missingAction('list?page=1')
#1 C:\wamp64\www\yii\framework\web\CWebApplication.php(282): CController->run('list?page=1')
#2 C:\wamp64\www\yii\framework\web\CWebApplication.php(141): CWebApplication->runController('product/list?pa...')
#3 C:\wamp64\www\yii\framework\base\CApplication.php(185): CWebApplication->processRequest()
#4 C:\wamp64\www\testdrive\index.php(13): CApplication->run()
#5 {main}
REQUEST_URI=/testdrive/index.php?r=product/list?page=1&per-page=3
HTTP_REFERER=http://localhost:8080/
---
2022/09/02 22:51:57 [error] [exception.CHttpException.404] CHttpException: The system is unable to find the requested action "list?page=1". in C:\wamp64\www\yii\framework\web\CController.php:486
Stack trace:
#0 C:\wamp64\www\yii\framework\web\CController.php(270): CController->missingAction('list?page=1')
#1 C:\wamp64\www\yii\framework\web\CWebApplication.php(282): CController->run('list?page=1')
#2 C:\wamp64\www\yii\framework\web\CWebApplication.php(141): CWebApplication->runController('product/list?pa...')
#3 C:\wamp64\www\yii\framework\base\CApplication.php(185): CWebApplication->processRequest()
#4 C:\wamp64\www\testdrive\index.php(13): CApplication->run()
#5 {main}
REQUEST_URI=/testdrive/index.php?r=product/list?page=1&page-size=3
HTTP_REFERER=http://localhost:8080/
---
2022/09/02 22:52:20 [error] [exception.CHttpException.404] CHttpException: The system is unable to find the requested action "list?page=1". in C:\wamp64\www\yii\framework\web\CController.php:486
Stack trace:
#0 C:\wamp64\www\yii\framework\web\CController.php(270): CController->missingAction('list?page=1')
#1 C:\wamp64\www\yii\framework\web\CWebApplication.php(282): CController->run('list?page=1')
#2 C:\wamp64\www\yii\framework\web\CWebApplication.php(141): CWebApplication->runController('product/list?pa...')
#3 C:\wamp64\www\yii\framework\base\CApplication.php(185): CWebApplication->processRequest()
#4 C:\wamp64\www\testdrive\index.php(13): CApplication->run()
#5 {main}
REQUEST_URI=/testdrive/index.php?r=product/list?page=1&page-size=undefined
HTTP_REFERER=http://localhost:8080/
---
2022/09/02 22:52:24 [error] [exception.CHttpException.404] CHttpException: The system is unable to find the requested action "list?page=1". in C:\wamp64\www\yii\framework\web\CController.php:486
Stack trace:
#0 C:\wamp64\www\yii\framework\web\CController.php(270): CController->missingAction('list?page=1')
#1 C:\wamp64\www\yii\framework\web\CWebApplication.php(282): CController->run('list?page=1')
#2 C:\wamp64\www\yii\framework\web\CWebApplication.php(141): CWebApplication->runController('product/list?pa...')
#3 C:\wamp64\www\yii\framework\base\CApplication.php(185): CWebApplication->processRequest()
#4 C:\wamp64\www\testdrive\index.php(13): CApplication->run()
#5 {main}
REQUEST_URI=/testdrive/index.php?r=product/list?page=1&page-size=3
HTTP_REFERER=http://localhost:8080/
---
2022/09/02 22:52:29 [error] [exception.CHttpException.404] CHttpException: The system is unable to find the requested action "list?page=1". in C:\wamp64\www\yii\framework\web\CController.php:486
Stack trace:
#0 C:\wamp64\www\yii\framework\web\CController.php(270): CController->missingAction('list?page=1')
#1 C:\wamp64\www\yii\framework\web\CWebApplication.php(282): CController->run('list?page=1')
#2 C:\wamp64\www\yii\framework\web\CWebApplication.php(141): CWebApplication->runController('product/list?pa...')
#3 C:\wamp64\www\yii\framework\base\CApplication.php(185): CWebApplication->processRequest()
#4 C:\wamp64\www\testdrive\index.php(13): CApplication->run()
#5 {main}
REQUEST_URI=/testdrive/index.php?r=product/list?page=1&page-size=10
HTTP_REFERER=http://localhost:8080/
---
2022/09/02 22:52:37 [error] [exception.CHttpException.404] CHttpException: The system is unable to find the requested action "list?page=1". in C:\wamp64\www\yii\framework\web\CController.php:486
Stack trace:
#0 C:\wamp64\www\yii\framework\web\CController.php(270): CController->missingAction('list?page=1')
#1 C:\wamp64\www\yii\framework\web\CWebApplication.php(282): CController->run('list?page=1')
#2 C:\wamp64\www\yii\framework\web\CWebApplication.php(141): CWebApplication->runController('product/list?pa...')
#3 C:\wamp64\www\yii\framework\base\CApplication.php(185): CWebApplication->processRequest()
#4 C:\wamp64\www\testdrive\index.php(13): CApplication->run()
#5 {main}
REQUEST_URI=/testdrive/index.php?r=product/list?page=1&page-size=10
HTTP_REFERER=http://localhost:8080/
---
2022/09/02 22:52:59 [error] [exception.CHttpException.404] CHttpException: The system is unable to find the requested action "list?page=1". in C:\wamp64\www\yii\framework\web\CController.php:486
Stack trace:
#0 C:\wamp64\www\yii\framework\web\CController.php(270): CController->missingAction('list?page=1')
#1 C:\wamp64\www\yii\framework\web\CWebApplication.php(282): CController->run('list?page=1')
#2 C:\wamp64\www\yii\framework\web\CWebApplication.php(141): CWebApplication->runController('product/list?pa...')
#3 C:\wamp64\www\yii\framework\base\CApplication.php(185): CWebApplication->processRequest()
#4 C:\wamp64\www\testdrive\index.php(13): CApplication->run()
#5 {main}
REQUEST_URI=/testdrive/index.php?r=product/list?page=1&page-size=10
HTTP_REFERER=http://localhost:8080/
---
2022/09/02 23:14:53 [error] [exception.CHttpException.404] CHttpException: The system is unable to find the requested action "admin". in C:\wamp64\www\yii\framework\web\CController.php:486
Stack trace:
#0 C:\wamp64\www\yii\framework\web\CController.php(270): CController->missingAction('admin')
#1 C:\wamp64\www\yii\framework\web\CWebApplication.php(282): CController->run('admin')
#2 C:\wamp64\www\yii\framework\web\CWebApplication.php(141): CWebApplication->runController('product/admin')
#3 C:\wamp64\www\yii\framework\base\CApplication.php(185): CWebApplication->processRequest()
#4 C:\wamp64\www\testdrive\index.php(13): CApplication->run()
#5 {main}
REQUEST_URI=/testdrive/index.php?r=product/admin
---
2022/09/02 23:14:58 [error] [exception.CHttpException.404] CHttpException: Unable to resolve the request "site". in C:\wamp64\www\yii\framework\web\CWebApplication.php:286
Stack trace:
#0 C:\wamp64\www\yii\framework\web\CWebApplication.php(141): CWebApplication->runController('')
#1 C:\wamp64\www\yii\framework\base\CApplication.php(185): CWebApplication->processRequest()
#2 C:\wamp64\www\testdrive\index.php(13): CApplication->run()
#3 {main}
REQUEST_URI=/testdrive/index.php
---
2022/09/02 23:18:11 [error] [exception.CHttpException.404] CHttpException: Unable to resolve the request "site". in C:\wamp64\www\yii\framework\web\CWebApplication.php:286
Stack trace:
#0 C:\wamp64\www\yii\framework\web\CWebApplication.php(141): CWebApplication->runController('')
#1 C:\wamp64\www\yii\framework\base\CApplication.php(185): CWebApplication->processRequest()
#2 C:\wamp64\www\testdrive\index.php(13): CApplication->run()
#3 {main}
REQUEST_URI=/testdrive/index.php
---
